<?xml version="1.0" encoding="UTF-8"?>
<!-- Generated by org.testng.reporters.JUnitXMLReporter -->
<testsuite hostname="RL-14" name="Scenario 4 Test Cases" tests="10" failures="0" timestamp="6 Sep 2013 03:34:31 GMT" time="27.248" errors="0">
  <testcase name="@BeforeClass beforeScenario4" time="0.0" classname="com.truaxis.test.orcc.Scenario4Test">
    <failure type="org.openqa.selenium.remote.UnreachableBrowserException" message="Error communicating with the remote browser. It may have died.
Build info: version: &amp;apos;2.31.0&amp;apos;, revision: &amp;apos;1bd294d185a80fa4206dfeab80ba773c04ac33c0&amp;apos;, time: &amp;apos;2013-02-27 13:51:26&amp;apos;
System info: os.name: &amp;apos;Windows 7&amp;apos;, os.arch: &amp;apos;amd64&amp;apos;, os.version: &amp;apos;6.1&amp;apos;, java.version: &amp;apos;1.7.0_25&amp;apos;
Driver info: driver.version: RemoteWebDriver">
      <![CDATA[org.openqa.selenium.remote.UnreachableBrowserException: Error communicating with the remote browser. It may have died.
Build info: version: '2.31.0', revision: '1bd294d185a80fa4206dfeab80ba773c04ac33c0', time: '2013-02-27 13:51:26'
System info: os.name: 'Windows 7', os.arch: 'amd64', os.version: '6.1', java.version: '1.7.0_25'
Driver info: driver.version: RemoteWebDriver
	at org.openqa.selenium.remote.RemoteWebDriver.execute(RemoteWebDriver.java:548)
	at org.openqa.selenium.remote.RemoteWebDriver.findElements(RemoteWebDriver.java:332)
	at org.openqa.selenium.remote.RemoteWebDriver.findElementsByCssSelector(RemoteWebDriver.java:400)
	at org.openqa.selenium.By$ByCssSelector.findElements(By.java:417)
	at org.openqa.selenium.remote.RemoteWebDriver.findElements(RemoteWebDriver.java:295)
	at com.core.actionhandlers.WaitForActionsHandler$WaitForWebElements$2.apply(WaitForActionsHandler.java:65)
	at com.core.actionhandlers.WaitForActionsHandler$WaitForWebElements$2.apply(WaitForActionsHandler.java:1)
	at org.openqa.selenium.support.ui.FluentWait.until(FluentWait.java:208)
	at com.core.actionhandlers.WaitForActionsHandler$WaitForWebElements.exists(WaitForActionsHandler.java:63)
	at com.truaxis.common.PageBase.returnWebElements(PageBase.java:91)
	at com.truaxis.common.PageBase.returnWebElements(PageBase.java:85)
	at com.truaxis.pageobjects.orcc.ORCCHomePage.getOffers(ORCCHomePage.java:48)
	at com.truaxis.pageobjects.orcc.ORCCHomePage.getOffer(ORCCHomePage.java:119)
	at com.truaxis.test.orcc.Scenario4Test.beforeScenario4(Scenario4Test.java:31)
	at sun.reflect.NativeMethodAccessorImpl.invoke0(Native Method)
	at sun.reflect.NativeMethodAccessorImpl.invoke(Unknown Source)
	at sun.reflect.DelegatingMethodAccessorImpl.invoke(Unknown Source)
	at java.lang.reflect.Method.invoke(Unknown Source)
	at org.testng.internal.MethodInvocationHelper.invokeMethod(MethodInvocationHelper.java:84)
	at org.testng.internal.Invoker.invokeConfigurationMethod(Invoker.java:564)
	at org.testng.internal.Invoker.invokeConfigurations(Invoker.java:213)
	at org.testng.internal.Invoker.invokeConfigurations(Invoker.java:138)
	at org.testng.internal.TestMethodWorker.invokeBeforeClassMethods(TestMethodWorker.java:175)
	at org.testng.internal.TestMethodWorker.run(TestMethodWorker.java:107)
	at org.testng.TestRunner.privateRun(TestRunner.java:767)
	at org.testng.TestRunner.run(TestRunner.java:617)
	at org.testng.SuiteRunner.runTest(SuiteRunner.java:335)
	at org.testng.SuiteRunner.runSequentially(SuiteRunner.java:330)
	at org.testng.SuiteRunner.privateRun(SuiteRunner.java:291)
	at org.testng.SuiteRunner.run(SuiteRunner.java:240)
	at org.testng.SuiteRunnerWorker.runSuite(SuiteRunnerWorker.java:52)
	at org.testng.SuiteRunnerWorker.run(SuiteRunnerWorker.java:86)
	at org.testng.TestNG.runSuitesSequentially(TestNG.java:1224)
	at org.testng.TestNG.runSuitesLocally(TestNG.java:1149)
	at org.testng.TestNG.run(TestNG.java:1057)
	at org.testng.remote.RemoteTestNG.run(RemoteTestNG.java:111)
	at org.testng.remote.RemoteTestNG.initAndRun(RemoteTestNG.java:204)
	at org.testng.remote.RemoteTestNG.main(RemoteTestNG.java:175)
Caused by: org.apache.http.conn.HttpHostConnectException: Connection to http://127.0.0.1:7055 refused
	at org.apache.http.impl.conn.DefaultClientConnectionOperator.openConnection(DefaultClientConnectionOperator.java:190)
	at org.apache.http.impl.conn.AbstractPoolEntry.open(AbstractPoolEntry.java:151)
	at org.apache.http.impl.conn.AbstractPooledConnAdapter.open(AbstractPooledConnAdapter.java:125)
	at org.apache.http.impl.client.DefaultRequestDirector.tryConnect(DefaultRequestDirector.java:640)
	at org.apache.http.impl.client.DefaultRequestDirector.execute(DefaultRequestDirector.java:479)
	at org.apache.http.impl.client.AbstractHttpClient.execute(AbstractHttpClient.java:906)
	at org.openqa.selenium.remote.HttpCommandExecutor.fallBackExecute(HttpCommandExecutor.java:334)
	at org.openqa.selenium.remote.HttpCommandExecutor.execute(HttpCommandExecutor.java:295)
	at org.openqa.selenium.firefox.internal.NewProfileExtensionConnection.execute(NewProfileExtensionConnection.java:133)
	at org.openqa.selenium.firefox.FirefoxDriver$LazyCommandExecutor.execute(FirefoxDriver.java:355)
	at org.openqa.selenium.remote.RemoteWebDriver.execute(RemoteWebDriver.java:527)
	... 37 more
Caused by: java.net.ConnectException: Connection refused: connect
	at java.net.DualStackPlainSocketImpl.waitForConnect(Native Method)
	at java.net.DualStackPlainSocketImpl.socketConnect(Unknown Source)
	at java.net.AbstractPlainSocketImpl.doConnect(Unknown Source)
	at java.net.AbstractPlainSocketImpl.connectToAddress(Unknown Source)
	at java.net.AbstractPlainSocketImpl.connect(Unknown Source)
	at java.net.PlainSocketImpl.connect(Unknown Source)
	at java.net.SocksSocketImpl.connect(Unknown Source)
	at java.net.Socket.connect(Unknown Source)
	at org.apache.http.conn.scheme.PlainSocketFactory.connectSocket(PlainSocketFactory.java:127)
	at org.apache.http.impl.conn.DefaultClientConnectionOperator.openConnection(DefaultClientConnectionOperator.java:180)
	... 47 more
]]>
    </failure>
  </testcase> <!-- @BeforeClass beforeScenario4 -->
  <testcase name="@AfterClass afterScenario4" time="0.0" classname="com.truaxis.test.orcc.Scenario4Test">
    <skipped/>
  </testcase> <!-- @AfterClass afterScenario4 -->
  <testcase name="@AfterClass afterClass" time="0.0" classname="com.truaxis.test.orcc.Scenario4Test">
    <skipped/>
  </testcase> <!-- @AfterClass afterClass -->
  <testcase name="testSR41" time="0.002" classname="com.truaxis.test.orcc.Scenario4Test">
    <skipped/>
  </testcase> <!-- testSR41 -->
  <testcase name="testSR410" time="0.004" classname="com.truaxis.test.orcc.Scenario4Test">
    <skipped/>
  </testcase> <!-- testSR410 -->
  <testcase name="testSR42" time="0.001" classname="com.truaxis.test.orcc.Scenario4Test">
    <skipped/>
  </testcase> <!-- testSR42 -->
  <testcase name="testSR43" time="0.002" classname="com.truaxis.test.orcc.Scenario4Test">
    <skipped/>
  </testcase> <!-- testSR43 -->
  <testcase name="testSR44" time="0.001" classname="com.truaxis.test.orcc.Scenario4Test">
    <skipped/>
  </testcase> <!-- testSR44 -->
  <testcase name="testSR45" time="0.001" classname="com.truaxis.test.orcc.Scenario4Test">
    <skipped/>
  </testcase> <!-- testSR45 -->
  <testcase name="testSR46" time="0.002" classname="com.truaxis.test.orcc.Scenario4Test">
    <skipped/>
  </testcase> <!-- testSR46 -->
  <testcase name="testSR47" time="0.002" classname="com.truaxis.test.orcc.Scenario4Test">
    <skipped/>
  </testcase> <!-- testSR47 -->
  <testcase name="testSR48" time="0.002" classname="com.truaxis.test.orcc.Scenario4Test">
    <skipped/>
  </testcase> <!-- testSR48 -->
  <testcase name="testSR49" time="0.002" classname="com.truaxis.test.orcc.Scenario4Test">
    <skipped/>
  </testcase> <!-- testSR49 -->
</testsuite> <!-- Scenario 4 Test Cases -->
